<?xml version="1.0" encoding="UTF-8"?>
<!-- Generated by org.testng.reporters.JUnitReportReporter -->
<testsuite hostname="DESKTOP-LCGGHUG" failures="0" tests="1" name="com.qaprosoft.loginTest.APISampleTest" time="7.447" errors="0" timestamp="17 апр. 2019 18:50:22 GMT" skipped="0">
  <testcase classname="com.qaprosoft.loginTest.APISampleTest" name="testReset" time="7.447"/>
</testsuite> <!-- com.qaprosoft.loginTest.APISampleTest -->
